<?xml version="1.0" encoding="UTF-8"?>
<!-- Generated by org.testng.reporters.JUnitReportReporter -->
<testsuite hostname="Vijays-MacBook-Pro.local" failures="0" tests="1" name="FunctionalTesting.PostRequestAutomation" time="2.931" errors="0" timestamp="2022-02-24T18:00:26 CST" skipped="0">
  <testcase classname="FunctionalTesting.PostRequestAutomation" name="postRequestAutomation" time="2.931"/>
  <system-out/>
</testsuite> <!-- FunctionalTesting.PostRequestAutomation -->
