<?xml version="1.0" encoding="UTF-8"?>
<!-- Generated by org.testng.reporters.JUnitReportReporter -->
<testsuite hostname="Vijays-MacBook-Pro.local" failures="0" tests="1" name="FunctionalTesting.GetRequestAutomation" time="2.412" errors="0" timestamp="2022-02-24T17:28:30 CST" skipped="0">
  <testcase classname="FunctionalTesting.GetRequestAutomation" name="getRequestAutomation" time="2.412"/>
  <system-out/>
</testsuite> <!-- FunctionalTesting.GetRequestAutomation -->
