<?xml version="1.0" encoding="UTF-8"?>
<!-- Generated by org.testng.reporters.JUnitReportReporter -->
<testsuite hostname="Vijays-MacBook-Pro.local" failures="0" tests="1" name="baseTest.BaseTest" time="0.016" errors="0" timestamp="2022-03-03T00:20:22 CST" skipped="0">
  <testcase classname="baseTest.BaseTest" name="utilTest" time="0.016"/>
  <system-out/>
</testsuite> <!-- baseTest.BaseTest -->
